#
# There is insufficient memory for the Java Runtime Environment to continue.
# Native memory allocation (malloc) failed to allocate 1048576 bytes. Error detail: AllocateHeap
# Possible reasons:
#   The system is out of physical RAM or swap space
#   This process is running with CompressedOops enabled, and the Java Heap may be blocking the growth of the native heap
# Possible solutions:
#   Reduce memory load on the system
#   Increase physical memory or swap space
#   Check if swap backing store is full
#   Decrease Java heap size (-Xmx/-Xms)
#   Decrease number of Java threads
#   Decrease Java thread stack sizes (-Xss)
#   Set larger code cache with -XX:ReservedCodeCacheSize=
#   JVM is running with Unscaled Compressed Oops mode in which the Java heap is
#     placed in the first 4GB address space. The Java Heap base address is the
#     maximum limit for the native heap growth. Please use -XX:HeapBaseMinAddress
#     to set the Java Heap base and to place the Java Heap above 4GB virtual address.
# This output file may be truncated or incomplete.
#
#  Out of Memory Error (allocation.cpp:44), pid=34136, tid=33000
#
# JRE version: OpenJDK Runtime Environment Temurin-21.0.10+7 (21.0.10+7) (build 21.0.10+7-LTS)
# Java VM: OpenJDK 64-Bit Server VM Temurin-21.0.10+7 (21.0.10+7-LTS, mixed mode, sharing, tiered, compressed oops, compressed class ptrs, parallel gc, windows-amd64)
# No core dump will be written. Minidumps are not enabled by default on client versions of Windows
#

---------------  S U M M A R Y ------------

Command Line: --add-modules=ALL-SYSTEM --add-opens=java.base/java.util=ALL-UNNAMED --add-opens=java.base/java.lang=ALL-UNNAMED --add-opens=java.base/sun.nio.fs=ALL-UNNAMED -Declipse.application=org.eclipse.jdt.ls.core.id1 -Dosgi.bundles.defaultStartLevel=4 -Declipse.product=org.eclipse.jdt.ls.core.product -Djava.import.generatesMetadataFilesAtProjectRoot=false -DDetectVMInstallationsJob.disabled=true -Dfile.encoding=utf8 -XX:+UseParallelGC -XX:GCTimeRatio=4 -XX:AdaptiveSizePolicyWeight=90 -Dsun.zip.disableMemoryMapping=true -Xmx2G -Xms100m -Xlog:disable -javaagent:c:\Users\DELL\.vscode\extensions\redhat.java-1.53.0-win32-x64\lombok\lombok-1.18.39-4050.jar -XX:+HeapDumpOnOutOfMemoryError -XX:HeapDumpPath=c:\Users\DELL\AppData\Roaming\Code\User\workspaceStorage\1351a2672c3d39485de3801f97a50fb8\redhat.java -Daether.dependencyCollector.impl=bf c:\Users\DELL\.vscode\extensions\redhat.java-1.53.0-win32-x64\server\plugins\org.eclipse.equinox.launcher_1.7.100.v20251111-0406.jar -configuration c:\Users\DELL\AppData\Roaming\Code\User\globalStorage\redhat.java\1.53.0\config_win -data c:\Users\DELL\AppData\Roaming\Code\User\workspaceStorage\1351a2672c3d39485de3801f97a50fb8\redhat.java\jdt_ws --pipe=\\.\pipe\lsp-8cb9ef3bb848c911a38e76f1562aed10-sock

Host: 13th Gen Intel(R) Core(TM) i7-1355U, 12 cores, 15G,  Windows 11 , 64 bit Build 26100 (10.0.26100.7920)
Time: Sat Mar 28 18:10:09 2026 SE Asia Standard Time elapsed time: 4364.634848 seconds (0d 1h 12m 44s)

---------------  T H R E A D  ---------------

Current thread (0x00000152e1454900):  JavaThread "Attach Listener" daemon [_thread_in_vm, id=33000, stack(0x0000004d08b00000,0x0000004d08c00000) (1024K)]

Stack: [0x0000004d08b00000,0x0000004d08c00000]
Native frames: (J=compiled Java code, j=interpreted, Vv=VM code, C=native code)
V  [jvm.dll+0x6d7a39]
V  [jvm.dll+0x8b4b26]
V  [jvm.dll+0x8b70de]
V  [jvm.dll+0x8b77c3]
V  [jvm.dll+0x284346]
V  [jvm.dll+0xc1277]
V  [jvm.dll+0x6d82e9]
V  [jvm.dll+0x1334a6]
V  [jvm.dll+0x3f857e]
V  [jvm.dll+0x85f59d]
V  [jvm.dll+0x6d626d]
C  [ucrtbase.dll+0x37b0]
C  [KERNEL32.DLL+0x2e8d7]
C  [ntdll.dll+0x8c48c]


---------------  P R O C E S S  ---------------

Threads class SMR info:
_java_thread_list=0x00000152e7500f40, length=39, elements={
0x0000015287aff8f0, 0x0000015287aae950, 0x00000152e1452cb0, 0x00000152e1453ca0,
0x00000152e1454900, 0x00000152e145bec0, 0x00000152e145c790, 0x00000152e145d8d0,
0x00000152e14d2d40, 0x00000152e1648320, 0x00000152e17afe00, 0x00000152e6afaf20,
0x00000152e68cede0, 0x00000152e664ea60, 0x00000152e6444140, 0x00000152e6caccd0,
0x00000152e69bf0a0, 0x00000152e6f11eb0, 0x00000152e71f0c30, 0x00000152e71ef1f0,
0x00000152e71f1950, 0x00000152e71ee4d0, 0x00000152e71eeb60, 0x00000152e8284910,
0x00000152e8282ed0, 0x00000152e8281490, 0x00000152e8284280, 0x00000152e8284fa0,
0x00000152e82821b0, 0x00000152e8283bf0, 0x00000152e8281b20, 0x00000152e8285630,
0x00000152e8283560, 0x00000152e8285cc0, 0x00000152e8282840, 0x00000152e82869e0,
0x00000152e8286350, 0x00000152e94508b0, 0x00000152e944fb90
}

Java Threads: ( => current thread )
  0x0000015287aff8f0 JavaThread "main"                              [_thread_blocked, id=37412, stack(0x0000004d08400000,0x0000004d08500000) (1024K)]
  0x0000015287aae950 JavaThread "Reference Handler"          daemon [_thread_blocked, id=29380, stack(0x0000004d08800000,0x0000004d08900000) (1024K)]
  0x00000152e1452cb0 JavaThread "Finalizer"                  daemon [_thread_blocked, id=31636, stack(0x0000004d08900000,0x0000004d08a00000) (1024K)]
  0x00000152e1453ca0 JavaThread "Signal Dispatcher"          daemon [_thread_blocked, id=30600, stack(0x0000004d08a00000,0x0000004d08b00000) (1024K)]
=>0x00000152e1454900 JavaThread "Attach Listener"            daemon [_thread_in_vm, id=33000, stack(0x0000004d08b00000,0x0000004d08c00000) (1024K)]
  0x00000152e145bec0 JavaThread "Service Thread"             daemon [_thread_blocked, id=30836, stack(0x0000004d08c00000,0x0000004d08d00000) (1024K)]
  0x00000152e145c790 JavaThread "Monitor Deflation Thread"   daemon [_thread_blocked, id=34224, stack(0x0000004d08d00000,0x0000004d08e00000) (1024K)]
  0x00000152e145d8d0 JavaThread "C2 CompilerThread0"         daemon [_thread_blocked, id=13880, stack(0x0000004d08e00000,0x0000004d08f00000) (1024K)]
  0x00000152e14d2d40 JavaThread "C1 CompilerThread0"         daemon [_thread_blocked, id=34428, stack(0x0000004d08f00000,0x0000004d09000000) (1024K)]
  0x00000152e1648320 JavaThread "Common-Cleaner"             daemon [_thread_blocked, id=12812, stack(0x0000004d09100000,0x0000004d09200000) (1024K)]
  0x00000152e17afe00 JavaThread "Notification Thread"        daemon [_thread_blocked, id=11008, stack(0x0000004d09200000,0x0000004d09300000) (1024K)]
  0x00000152e6afaf20 JavaThread "Active Thread: Equinox Container: dfe9a8e3-c715-419e-9281-de6a565bb308"        [_thread_blocked, id=20048, stack(0x0000004d09a00000,0x0000004d09b00000) (1024K)]
  0x00000152e68cede0 JavaThread "Refresh Thread: Equinox Container: dfe9a8e3-c715-419e-9281-de6a565bb308" daemon [_thread_blocked, id=32480, stack(0x0000004d09c00000,0x0000004d09d00000) (1024K)]
  0x00000152e664ea60 JavaThread "Framework Event Dispatcher: Equinox Container: dfe9a8e3-c715-419e-9281-de6a565bb308" daemon [_thread_blocked, id=27972, stack(0x0000004d09d00000,0x0000004d09e00000) (1024K)]
  0x00000152e6444140 JavaThread "Start Level: Equinox Container: dfe9a8e3-c715-419e-9281-de6a565bb308" daemon [_thread_blocked, id=36984, stack(0x0000004d09e00000,0x0000004d09f00000) (1024K)]
  0x00000152e6caccd0 JavaThread "Bundle File Closer"         daemon [_thread_blocked, id=35552, stack(0x0000004d0a100000,0x0000004d0a200000) (1024K)]
  0x00000152e69bf0a0 JavaThread "SCR Component Actor"        daemon [_thread_blocked, id=29324, stack(0x0000004d09300000,0x0000004d09400000) (1024K)]
  0x00000152e6f11eb0 JavaThread "Worker-JM"                         [_thread_blocked, id=17480, stack(0x0000004d0a300000,0x0000004d0a400000) (1024K)]
  0x00000152e71f0c30 JavaThread "JNA Cleaner"                daemon [_thread_blocked, id=37072, stack(0x0000004d09000000,0x0000004d09100000) (1024K)]
  0x00000152e71ef1f0 JavaThread "Java indexing"              daemon [_thread_blocked, id=17704, stack(0x0000004d0a600000,0x0000004d0a700000) (1024K)]
  0x00000152e71f1950 JavaThread "Worker-3"                          [_thread_blocked, id=31700, stack(0x0000004d0ac00000,0x0000004d0ad00000) (1024K)]
  0x00000152e71ee4d0 JavaThread "Thread-1"                   daemon [_thread_in_native, id=22968, stack(0x0000004d0ad00000,0x0000004d0ae00000) (1024K)]
  0x00000152e71eeb60 JavaThread "Thread-2"                   daemon [_thread_in_native, id=23740, stack(0x0000004d0ae00000,0x0000004d0af00000) (1024K)]
  0x00000152e8284910 JavaThread "Thread-3"                   daemon [_thread_in_native, id=5152, stack(0x0000004d0af00000,0x0000004d0b000000) (1024K)]
  0x00000152e8282ed0 JavaThread "Thread-4"                   daemon [_thread_in_native, id=17384, stack(0x0000004d0b000000,0x0000004d0b100000) (1024K)]
  0x00000152e8281490 JavaThread "Thread-5"                   daemon [_thread_in_native, id=30792, stack(0x0000004d0b100000,0x0000004d0b200000) (1024K)]
  0x00000152e8284280 JavaThread "Thread-6"                   daemon [_thread_in_native, id=34260, stack(0x0000004d0b200000,0x0000004d0b300000) (1024K)]
  0x00000152e8284fa0 JavaThread "Thread-7"                   daemon [_thread_in_native, id=35432, stack(0x0000004d0b300000,0x0000004d0b400000) (1024K)]
  0x00000152e82821b0 JavaThread "Thread-8"                   daemon [_thread_in_native, id=37640, stack(0x0000004d0b400000,0x0000004d0b500000) (1024K)]
  0x00000152e8283bf0 JavaThread "Thread-9"                   daemon [_thread_in_native, id=30576, stack(0x0000004d0b500000,0x0000004d0b600000) (1024K)]
  0x00000152e8281b20 JavaThread "Thread-10"                  daemon [_thread_in_native, id=31264, stack(0x0000004d0b600000,0x0000004d0b700000) (1024K)]
  0x00000152e8285630 JavaThread "Thread-11"                  daemon [_thread_in_native, id=34888, stack(0x0000004d0b700000,0x0000004d0b800000) (1024K)]
  0x00000152e8283560 JavaThread "Thread-12"                  daemon [_thread_in_native, id=18008, stack(0x0000004d0b800000,0x0000004d0b900000) (1024K)]
  0x00000152e8285cc0 JavaThread "Thread-13"                  daemon [_thread_in_native, id=28240, stack(0x0000004d0b900000,0x0000004d0ba00000) (1024K)]
  0x00000152e8282840 JavaThread "pool-2-thread-1"                   [_thread_blocked, id=20276, stack(0x0000004d0ba00000,0x0000004d0bb00000) (1024K)]
  0x00000152e82869e0 JavaThread "WorkspaceEventsHandler"            [_thread_blocked, id=4004, stack(0x0000004d0bb00000,0x0000004d0bc00000) (1024K)]
  0x00000152e8286350 JavaThread "pool-1-thread-1"                   [_thread_blocked, id=31588, stack(0x0000004d0bc00000,0x0000004d0bd00000) (1024K)]
  0x00000152e94508b0 JavaThread "Worker-4"                          [_thread_blocked, id=36756, stack(0x0000004d0c800000,0x0000004d0c900000) (1024K)]
  0x00000152e944fb90 JavaThread "Cleaner-0"                  daemon [_thread_blocked, id=21836, stack(0x0000004d0ab00000,0x0000004d0ac00000) (1024K)]
Total: 39

Other Threads:
  0x0000015287bbe9c0 VMThread "VM Thread"                           [id=25776, stack(0x0000004d08700000,0x0000004d08800000) (1024K)]
  0x000001528798ca00 WatcherThread "VM Periodic Task Thread"        [id=34940, stack(0x0000004d08600000,0x0000004d08700000) (1024K)]
  0x0000015287b1cec0 WorkerThread "GC Thread#0"                     [id=5692, stack(0x0000004d08500000,0x0000004d08600000) (1024K)]
  0x00000152e68d81d0 WorkerThread "GC Thread#1"                     [id=32684, stack(0x0000004d09400000,0x0000004d09500000) (1024K)]
  0x00000152e68d8580 WorkerThread "GC Thread#2"                     [id=7336, stack(0x0000004d09500000,0x0000004d09600000) (1024K)]
  0x00000152e66d2ee0 WorkerThread "GC Thread#3"                     [id=6908, stack(0x0000004d09600000,0x0000004d09700000) (1024K)]
  0x00000152e66d3290 WorkerThread "GC Thread#4"                     [id=35812, stack(0x0000004d09700000,0x0000004d09800000) (1024K)]
  0x00000152e66d3640 WorkerThread "GC Thread#5"                     [id=16692, stack(0x0000004d09800000,0x0000004d09900000) (1024K)]
  0x00000152e67311c0 WorkerThread "GC Thread#6"                     [id=31644, stack(0x0000004d09900000,0x0000004d09a00000) (1024K)]
  0x00000152e68cddf0 WorkerThread "GC Thread#7"                     [id=32396, stack(0x0000004d09b00000,0x0000004d09c00000) (1024K)]
  0x00000152e6ea1500 WorkerThread "GC Thread#8"                     [id=29984, stack(0x0000004d09f00000,0x0000004d0a000000) (1024K)]
  0x00000152e6b73140 WorkerThread "GC Thread#9"                     [id=9932, stack(0x0000004d0a000000,0x0000004d0a100000) (1024K)]
Total: 12

Threads with active compile tasks:
Total: 0

VM state: not at safepoint (normal execution)

VM Mutex/Monitor currently owned by a thread: None

Heap address: 0x0000000080000000, size: 2048 MB, Compressed Oops mode: 32-bit

CDS archive(s) mapped at: [0x000001529f000000-0x000001529fba0000-0x000001529fba0000), size 12189696, SharedBaseAddress: 0x000001529f000000, ArchiveRelocationMode: 1.
Compressed class space mapped at: 0x00000152a0000000-0x00000152e0000000, reserved size: 1073741824
Narrow klass base: 0x000001529f000000, Narrow klass shift: 0, Narrow klass range: 0x100000000

GC Precious Log:
 CardTable entry size: 512
 CPUs: 12 total, 12 available
 Memory: 16068M
 Large Page Support: Disabled
 NUMA Support: Disabled
 Compressed Oops: Enabled (32-bit)
 Alignments: Space 512K, Generation 512K, Heap 2M
 Heap Min Capacity: 100M
 Heap Initial Capacity: 100M
 Heap Max Capacity: 2G
 Pre-touch: Disabled
 Parallel Workers: 10

Heap:
 PSYoungGen      total 15872K, used 7111K [0x00000000d5580000, 0x00000000d6b00000, 0x0000000100000000)
  eden space 13824K, 36% used [0x00000000d5580000,0x00000000d5a721b8,0x00000000d6300000)
  from space 2048K, 99% used [0x00000000d6300000,0x00000000d64ffa90,0x00000000d6500000)
  to   space 4096K, 0% used [0x00000000d6700000,0x00000000d6700000,0x00000000d6b00000)
 ParOldGen       total 85504K, used 85253K [0x0000000080000000, 0x0000000085380000, 0x00000000d5580000)
  object space 85504K, 99% used [0x0000000080000000,0x0000000085341510,0x0000000085380000)
 Metaspace       used 67253K, committed 68672K, reserved 1114112K
  class space    used 7037K, committed 7680K, reserved 1048576K

Card table byte_map: [0x00000152874a0000,0x00000152878b0000] _byte_map_base: 0x00000152870a0000

Marking Bits: (ParMarkBitMap*) 0x00007ff901ea3450
 Begin Bits: [0x0000015299fb0000, 0x000001529bfb0000)
 End Bits:   [0x000001529bfb0000, 0x000001529dfb0000)

Polling page: 0x0000015285620000

Metaspace:

Usage:
  Non-class:     58.80 MB used.
      Class:      6.87 MB used.
       Both:     65.68 MB used.

Virtual space:
  Non-class space:       64.00 MB reserved,      59.56 MB ( 93%) committed,  1 nodes.
      Class space:        1.00 GB reserved,       7.50 MB ( <1%) committed,  1 nodes.
             Both:        1.06 GB reserved,      67.06 MB (  6%) committed. 

Chunk freelists:
   Non-Class:  3.56 MB
       Class:  8.35 MB
        Both:  11.91 MB

MaxMetaspaceSize: unlimited
CompressedClassSpaceSize: 1.00 GB
Initial GC threshold: 21.00 MB
Current GC threshold: 97.31 MB
CDS: on
 - commit_granule_bytes: 65536.
 - commit_granule_words: 8192.
 - virtual_space_node_default_size: 8388608.
 - enlarge_chunks_in_place: 1.
 - use_allocation_guard: 0.


Internal statistics:

num_allocs_failed_limit: 9.
num_arena_births: 1210.
num_arena_deaths: 22.
num_vsnodes_births: 2.
num_vsnodes_deaths: 0.
num_space_committed: 1073.
num_space_uncommitted: 0.
num_chunks_returned_to_freelist: 34.
num_chunks_taken_from_freelist: 4287.
num_chunk_merges: 19.
num_chunk_splits: 2697.
num_chunks_enlarged: 1600.
num_inconsistent_stats: 0.

CodeHeap 'non-profiled nmethods': size=120000Kb used=8933Kb max_used=8933Kb free=111066Kb
 bounds [0x00000152927d0000, 0x0000015293090000, 0x0000015299d00000]
CodeHeap 'profiled nmethods': size=120000Kb used=25591Kb max_used=25591Kb free=94408Kb
 bounds [0x000001528ad00000, 0x000001528c600000, 0x0000015292230000]
CodeHeap 'non-nmethods': size=5760Kb used=1448Kb max_used=1522Kb free=4311Kb
 bounds [0x0000015292230000, 0x00000152924a0000, 0x00000152927d0000]
CodeCache: size=245760Kb, used=35972Kb, max_used=36046Kb, free=209785Kb
 total_blobs=12190, nmethods=11422, adapters=673, full_count=0
Compilation: enabled, stopped_count=0, restarted_count=0

Compilation events (20 events):
Event: 4146.946 Thread 0x00000152e145d8d0 12169       4       java.util.concurrent.locks.ReentrantReadWriteLock::readLock (5 bytes)
Event: 4146.946 Thread 0x00000152e145d8d0 nmethod 12169 0x0000015293088c10 code [0x0000015293088da0, 0x0000015293088e30]
Event: 4200.883 Thread 0x00000152e14d2d40 12170       3       org.eclipse.lsp4j.jsonrpc.json.adapters.MessageTypeAdapter::getParameterTypes (26 bytes)
Event: 4200.883 Thread 0x00000152e14d2d40 nmethod 12170 0x000001528c5f3990 code [0x000001528c5f3b60, 0x000001528c5f3d80]
Event: 4200.883 Thread 0x00000152e14d2d40 12171       1       org.eclipse.lsp4j.jsonrpc.json.JsonRpcMethod::getMethodName (5 bytes)
Event: 4200.883 Thread 0x00000152e14d2d40 nmethod 12171 0x0000015293088f10 code [0x00000152930890a0, 0x0000015293089168]
Event: 4245.804 Thread 0x00000152e14d2d40 12172       3       org.eclipse.core.internal.utils.FileUtil::realPath (333 bytes)
Event: 4245.806 Thread 0x00000152e14d2d40 nmethod 12172 0x000001528c5f3e90 code [0x000001528c5f42e0, 0x000001528c5f5f48]
Event: 4263.863 Thread 0x00000152e14d2d40 12173   !   3       org.eclipse.core.internal.jobs.JobManager::nextJob (291 bytes)
Event: 4263.872 Thread 0x00000152e14d2d40 nmethod 12173 0x000001528c5f6c10 code [0x000001528c5f70a0, 0x000001528c5f91d8]
Event: 4275.689 Thread 0x00000152e14d2d40 12174       1       org.eclipse.jdt.ls.core.internal.managers.StandardProjectsManager::isBuildFinished (5 bytes)
Event: 4275.689 Thread 0x00000152e14d2d40 nmethod 12174 0x0000015293089210 code [0x00000152930893a0, 0x0000015293089470]
Event: 4308.415 Thread 0x00000152e14d2d40 12175       3       java.lang.ProcessHandleImpl::get (51 bytes)
Event: 4308.415 Thread 0x00000152e14d2d40 nmethod 12175 0x000001528c5fa310 code [0x000001528c5fa520, 0x000001528c5fab28]
Event: 4308.415 Thread 0x00000152e14d2d40 12176       3       java.lang.ProcessHandleImpl::isAlive (44 bytes)
Event: 4308.415 Thread 0x00000152e14d2d40 nmethod 12176 0x000001528c5fad90 code [0x000001528c5faf40, 0x000001528c5fb1a0]
Event: 4323.864 Thread 0x00000152e14d2d40 12177       3       org.eclipse.core.internal.jobs.JobManager::startJob (89 bytes)
Event: 4323.865 Thread 0x00000152e14d2d40 nmethod 12177 0x000001528c5fb290 code [0x000001528c5fb540, 0x000001528c5fc3a0]
Event: 4356.056 Thread 0x00000152e14d2d40 12178       3       java.util.concurrent.locks.AbstractQueuedSynchronizer$ConditionObject::await (202 bytes)
Event: 4356.056 Thread 0x00000152e14d2d40 nmethod 12178 0x000001528c5fc810 code [0x000001528c5fcb00, 0x000001528c5fd930]

GC Heap History (20 events):
Event: 4046.715 GC heap before
{Heap before GC invocations=79 (full 3):
 PSYoungGen      total 15872K, used 15568K [0x00000000d5580000, 0x00000000d6a80000, 0x0000000100000000)
  eden space 13824K, 100% used [0x00000000d5580000,0x00000000d6300000,0x00000000d6300000)
  from space 2048K, 85% used [0x00000000d6480000,0x00000000d6634290,0x00000000d6680000)
  to   space 3072K, 0% used [0x00000000d6780000,0x00000000d6780000,0x00000000d6a80000)
 ParOldGen       total 72704K, used 72603K [0x0000000080000000, 0x0000000084700000, 0x00000000d5580000)
  object space 72704K, 99% used [0x0000000080000000,0x00000000846e6e28,0x0000000084700000)
 Metaspace       used 67084K, committed 68608K, reserved 1114112K
  class space    used 7029K, committed 7680K, reserved 1048576K
}
Event: 4046.717 GC heap after
{Heap after GC invocations=79 (full 3):
 PSYoungGen      total 15360K, used 1376K [0x00000000d5580000, 0x00000000d6900000, 0x0000000100000000)
  eden space 13824K, 0% used [0x00000000d5580000,0x00000000d5580000,0x00000000d6300000)
  from space 1536K, 89% used [0x00000000d6780000,0x00000000d68d8010,0x00000000d6900000)
  to   space 2048K, 0% used [0x00000000d6500000,0x00000000d6500000,0x00000000d6700000)
 ParOldGen       total 74752K, used 74250K [0x0000000080000000, 0x0000000084900000, 0x00000000d5580000)
  object space 74752K, 99% used [0x0000000080000000,0x00000000848829f8,0x0000000084900000)
 Metaspace       used 67084K, committed 68608K, reserved 1114112K
  class space    used 7029K, committed 7680K, reserved 1048576K
}
Event: 4046.740 GC heap before
{Heap before GC invocations=80 (full 3):
 PSYoungGen      total 15360K, used 15200K [0x00000000d5580000, 0x00000000d6900000, 0x0000000100000000)
  eden space 13824K, 100% used [0x00000000d5580000,0x00000000d6300000,0x00000000d6300000)
  from space 1536K, 89% used [0x00000000d6780000,0x00000000d68d8010,0x00000000d6900000)
  to   space 2048K, 0% used [0x00000000d6500000,0x00000000d6500000,0x00000000d6700000)
 ParOldGen       total 74752K, used 74250K [0x0000000080000000, 0x0000000084900000, 0x00000000d5580000)
  object space 74752K, 99% used [0x0000000080000000,0x00000000848829f8,0x0000000084900000)
 Metaspace       used 67089K, committed 68608K, reserved 1114112K
  class space    used 7030K, committed 7680K, reserved 1048576K
}
Event: 4046.742 GC heap after
{Heap after GC invocations=80 (full 3):
 PSYoungGen      total 15360K, used 1440K [0x00000000d5580000, 0x00000000d6800000, 0x0000000100000000)
  eden space 13824K, 0% used [0x00000000d5580000,0x00000000d5580000,0x00000000d6300000)
  from space 1536K, 93% used [0x00000000d6500000,0x00000000d6668010,0x00000000d6680000)
  to   space 1536K, 0% used [0x00000000d6680000,0x00000000d6680000,0x00000000d6800000)
 ParOldGen       total 75776K, used 75530K [0x0000000080000000, 0x0000000084a00000, 0x00000000d5580000)
  object space 75776K, 99% used [0x0000000080000000,0x00000000849c2a08,0x0000000084a00000)
 Metaspace       used 67089K, committed 68608K, reserved 1114112K
  class space    used 7030K, committed 7680K, reserved 1048576K
}
Event: 4046.759 GC heap before
{Heap before GC invocations=81 (full 3):
 PSYoungGen      total 15360K, used 15264K [0x00000000d5580000, 0x00000000d6800000, 0x0000000100000000)
  eden space 13824K, 100% used [0x00000000d5580000,0x00000000d6300000,0x00000000d6300000)
  from space 1536K, 93% used [0x00000000d6500000,0x00000000d6668010,0x00000000d6680000)
  to   space 1536K, 0% used [0x00000000d6680000,0x00000000d6680000,0x00000000d6800000)
 ParOldGen       total 75776K, used 75530K [0x0000000080000000, 0x0000000084a00000, 0x00000000d5580000)
  object space 75776K, 99% used [0x0000000080000000,0x00000000849c2a08,0x0000000084a00000)
 Metaspace       used 67089K, committed 68608K, reserved 1114112K
  class space    used 7030K, committed 7680K, reserved 1048576K
}
Event: 4046.761 GC heap after
{Heap after GC invocations=81 (full 3):
 PSYoungGen      total 15360K, used 1440K [0x00000000d5580000, 0x00000000d6800000, 0x0000000100000000)
  eden space 13824K, 0% used [0x00000000d5580000,0x00000000d5580000,0x00000000d6300000)
  from space 1536K, 93% used [0x00000000d6680000,0x00000000d67e8010,0x00000000d6800000)
  to   space 1536K, 0% used [0x00000000d6500000,0x00000000d6500000,0x00000000d6680000)
 ParOldGen       total 77312K, used 76870K [0x0000000080000000, 0x0000000084b80000, 0x00000000d5580000)
  object space 77312K, 99% used [0x0000000080000000,0x0000000084b11b40,0x0000000084b80000)
 Metaspace       used 67089K, committed 68608K, reserved 1114112K
  class space    used 7030K, committed 7680K, reserved 1048576K
}
Event: 4046.784 GC heap before
{Heap before GC invocations=82 (full 3):
 PSYoungGen      total 15360K, used 15264K [0x00000000d5580000, 0x00000000d6800000, 0x0000000100000000)
  eden space 13824K, 100% used [0x00000000d5580000,0x00000000d6300000,0x00000000d6300000)
  from space 1536K, 93% used [0x00000000d6680000,0x00000000d67e8010,0x00000000d6800000)
  to   space 1536K, 0% used [0x00000000d6500000,0x00000000d6500000,0x00000000d6680000)
 ParOldGen       total 77312K, used 76870K [0x0000000080000000, 0x0000000084b80000, 0x00000000d5580000)
  object space 77312K, 99% used [0x0000000080000000,0x0000000084b11b40,0x0000000084b80000)
 Metaspace       used 67089K, committed 68608K, reserved 1114112K
  class space    used 7030K, committed 7680K, reserved 1048576K
}
Event: 4046.786 GC heap after
{Heap after GC invocations=82 (full 3):
 PSYoungGen      total 15360K, used 1312K [0x00000000d5580000, 0x00000000d6700000, 0x0000000100000000)
  eden space 13824K, 0% used [0x00000000d5580000,0x00000000d5580000,0x00000000d6300000)
  from space 1536K, 85% used [0x00000000d6500000,0x00000000d6648000,0x00000000d6680000)
  to   space 512K, 0% used [0x00000000d6680000,0x00000000d6680000,0x00000000d6700000)
 ParOldGen       total 78336K, used 78198K [0x0000000080000000, 0x0000000084c80000, 0x00000000d5580000)
  object space 78336K, 99% used [0x0000000080000000,0x0000000084c5db50,0x0000000084c80000)
 Metaspace       used 67089K, committed 68608K, reserved 1114112K
  class space    used 7030K, committed 7680K, reserved 1048576K
}
Event: 4046.804 GC heap before
{Heap before GC invocations=83 (full 3):
 PSYoungGen      total 15360K, used 15136K [0x00000000d5580000, 0x00000000d6700000, 0x0000000100000000)
  eden space 13824K, 100% used [0x00000000d5580000,0x00000000d6300000,0x00000000d6300000)
  from space 1536K, 85% used [0x00000000d6500000,0x00000000d6648000,0x00000000d6680000)
  to   space 512K, 0% used [0x00000000d6680000,0x00000000d6680000,0x00000000d6700000)
 ParOldGen       total 78336K, used 78198K [0x0000000080000000, 0x0000000084c80000, 0x00000000d5580000)
  object space 78336K, 99% used [0x0000000080000000,0x0000000084c5db50,0x0000000084c80000)
 Metaspace       used 67089K, committed 68608K, reserved 1114112K
  class space    used 7030K, committed 7680K, reserved 1048576K
}
Event: 4046.805 GC heap after
{Heap after GC invocations=83 (full 3):
 PSYoungGen      total 14336K, used 512K [0x00000000d5580000, 0x00000000d6800000, 0x0000000100000000)
  eden space 13824K, 0% used [0x00000000d5580000,0x00000000d5580000,0x00000000d6300000)
  from space 512K, 100% used [0x00000000d6680000,0x00000000d6700000,0x00000000d6700000)
  to   space 2560K, 0% used [0x00000000d6300000,0x00000000d6300000,0x00000000d6580000)
 ParOldGen       total 79872K, used 79741K [0x0000000080000000, 0x0000000084e00000, 0x00000000d5580000)
  object space 79872K, 99% used [0x0000000080000000,0x0000000084ddf500,0x0000000084e00000)
 Metaspace       used 67089K, committed 68608K, reserved 1114112K
  class space    used 7030K, committed 7680K, reserved 1048576K
}
Event: 4046.826 GC heap before
{Heap before GC invocations=84 (full 3):
 PSYoungGen      total 14336K, used 14336K [0x00000000d5580000, 0x00000000d6800000, 0x0000000100000000)
  eden space 13824K, 100% used [0x00000000d5580000,0x00000000d6300000,0x00000000d6300000)
  from space 512K, 100% used [0x00000000d6680000,0x00000000d6700000,0x00000000d6700000)
  to   space 2560K, 0% used [0x00000000d6300000,0x00000000d6300000,0x00000000d6580000)
 ParOldGen       total 79872K, used 79741K [0x0000000080000000, 0x0000000084e00000, 0x00000000d5580000)
  object space 79872K, 99% used [0x0000000080000000,0x0000000084ddf500,0x0000000084e00000)
 Metaspace       used 67093K, committed 68608K, reserved 1114112K
  class space    used 7030K, committed 7680K, reserved 1048576K
}
Event: 4046.827 GC heap after
{Heap after GC invocations=84 (full 3):
 PSYoungGen      total 16384K, used 1152K [0x00000000d5580000, 0x00000000d6700000, 0x0000000100000000)
  eden space 13824K, 0% used [0x00000000d5580000,0x00000000d5580000,0x00000000d6300000)
  from space 2560K, 45% used [0x00000000d6300000,0x00000000d6420000,0x00000000d6580000)
  to   space 1536K, 0% used [0x00000000d6580000,0x00000000d6580000,0x00000000d6700000)
 ParOldGen       total 80384K, used 80261K [0x0000000080000000, 0x0000000084e80000, 0x00000000d5580000)
  object space 80384K, 99% used [0x0000000080000000,0x0000000084e61500,0x0000000084e80000)
 Metaspace       used 67093K, committed 68608K, reserved 1114112K
  class space    used 7030K, committed 7680K, reserved 1048576K
}
Event: 4046.848 GC heap before
{Heap before GC invocations=85 (full 3):
 PSYoungGen      total 16384K, used 14976K [0x00000000d5580000, 0x00000000d6700000, 0x0000000100000000)
  eden space 13824K, 100% used [0x00000000d5580000,0x00000000d6300000,0x00000000d6300000)
  from space 2560K, 45% used [0x00000000d6300000,0x00000000d6420000,0x00000000d6580000)
  to   space 1536K, 0% used [0x00000000d6580000,0x00000000d6580000,0x00000000d6700000)
 ParOldGen       total 80384K, used 80261K [0x0000000080000000, 0x0000000084e80000, 0x00000000d5580000)
  object space 80384K, 99% used [0x0000000080000000,0x0000000084e61500,0x0000000084e80000)
 Metaspace       used 67099K, committed 68608K, reserved 1114112K
  class space    used 7030K, committed 7680K, reserved 1048576K
}
Event: 4046.850 GC heap after
{Heap after GC invocations=85 (full 3):
 PSYoungGen      total 15360K, used 1216K [0x00000000d5580000, 0x00000000d6700000, 0x0000000100000000)
  eden space 13824K, 0% used [0x00000000d5580000,0x00000000d5580000,0x00000000d6300000)
  from space 1536K, 79% used [0x00000000d6580000,0x00000000d66b0010,0x00000000d6700000)
  to   space 1536K, 0% used [0x00000000d6400000,0x00000000d6400000,0x00000000d6580000)
 ParOldGen       total 81408K, used 81173K [0x0000000080000000, 0x0000000084f80000, 0x00000000d5580000)
  object space 81408K, 99% used [0x0000000080000000,0x0000000084f45500,0x0000000084f80000)
 Metaspace       used 67099K, committed 68608K, reserved 1114112K
  class space    used 7030K, committed 7680K, reserved 1048576K
}
Event: 4046.870 GC heap before
{Heap before GC invocations=86 (full 3):
 PSYoungGen      total 15360K, used 15040K [0x00000000d5580000, 0x00000000d6700000, 0x0000000100000000)
  eden space 13824K, 100% used [0x00000000d5580000,0x00000000d6300000,0x00000000d6300000)
  from space 1536K, 79% used [0x00000000d6580000,0x00000000d66b0010,0x00000000d6700000)
  to   space 1536K, 0% used [0x00000000d6400000,0x00000000d6400000,0x00000000d6580000)
 ParOldGen       total 81408K, used 81173K [0x0000000080000000, 0x0000000084f80000, 0x00000000d5580000)
  object space 81408K, 99% used [0x0000000080000000,0x0000000084f45500,0x0000000084f80000)
 Metaspace       used 67110K, committed 68608K, reserved 1114112K
  class space    used 7030K, committed 7680K, reserved 1048576K
}
Event: 4046.873 GC heap after
{Heap after GC invocations=86 (full 3):
 PSYoungGen      total 15360K, used 1056K [0x00000000d5580000, 0x00000000d6600000, 0x0000000100000000)
  eden space 13824K, 0% used [0x00000000d5580000,0x00000000d5580000,0x00000000d6300000)
  from space 1536K, 68% used [0x00000000d6400000,0x00000000d6508000,0x00000000d6580000)
  to   space 512K, 0% used [0x00000000d6580000,0x00000000d6580000,0x00000000d6600000)
 ParOldGen       total 82432K, used 82341K [0x0000000080000000, 0x0000000085080000, 0x00000000d5580000)
  object space 82432K, 99% used [0x0000000080000000,0x0000000085069510,0x0000000085080000)
 Metaspace       used 67110K, committed 68608K, reserved 1114112K
  class space    used 7030K, committed 7680K, reserved 1048576K
}
Event: 4046.894 GC heap before
{Heap before GC invocations=87 (full 3):
 PSYoungGen      total 15360K, used 14880K [0x00000000d5580000, 0x00000000d6600000, 0x0000000100000000)
  eden space 13824K, 100% used [0x00000000d5580000,0x00000000d6300000,0x00000000d6300000)
  from space 1536K, 68% used [0x00000000d6400000,0x00000000d6508000,0x00000000d6580000)
  to   space 512K, 0% used [0x00000000d6580000,0x00000000d6580000,0x00000000d6600000)
 ParOldGen       total 82432K, used 82341K [0x0000000080000000, 0x0000000085080000, 0x00000000d5580000)
  object space 82432K, 99% used [0x0000000080000000,0x0000000085069510,0x0000000085080000)
 Metaspace       used 67112K, committed 68608K, reserved 1114112K
  class space    used 7030K, committed 7680K, reserved 1048576K
}
Event: 4046.896 GC heap after
{Heap after GC invocations=87 (full 3):
 PSYoungGen      total 14336K, used 512K [0x00000000d5580000, 0x00000000d6700000, 0x0000000100000000)
  eden space 13824K, 0% used [0x00000000d5580000,0x00000000d5580000,0x00000000d6300000)
  from space 512K, 100% used [0x00000000d6580000,0x00000000d6600000,0x00000000d6600000)
  to   space 2048K, 0% used [0x00000000d6300000,0x00000000d6300000,0x00000000d6500000)
 ParOldGen       total 83968K, used 83701K [0x0000000080000000, 0x0000000085200000, 0x00000000d5580000)
  object space 83968K, 99% used [0x0000000080000000,0x00000000851bd510,0x0000000085200000)
 Metaspace       used 67112K, committed 68608K, reserved 1114112K
  class space    used 7030K, committed 7680K, reserved 1048576K
}
Event: 4046.978 GC heap before
{Heap before GC invocations=88 (full 3):
 PSYoungGen      total 14336K, used 14336K [0x00000000d5580000, 0x00000000d6700000, 0x0000000100000000)
  eden space 13824K, 100% used [0x00000000d5580000,0x00000000d6300000,0x00000000d6300000)
  from space 512K, 100% used [0x00000000d6580000,0x00000000d6600000,0x00000000d6600000)
  to   space 2048K, 0% used [0x00000000d6300000,0x00000000d6300000,0x00000000d6500000)
 ParOldGen       total 83968K, used 83701K [0x0000000080000000, 0x0000000085200000, 0x00000000d5580000)
  object space 83968K, 99% used [0x0000000080000000,0x00000000851bd510,0x0000000085200000)
 Metaspace       used 67187K, committed 68672K, reserved 1114112K
  class space    used 7036K, committed 7680K, reserved 1048576K
}
Event: 4046.982 GC heap after
{Heap after GC invocations=88 (full 3):
 PSYoungGen      total 15872K, used 2046K [0x00000000d5580000, 0x00000000d6b00000, 0x0000000100000000)
  eden space 13824K, 0% used [0x00000000d5580000,0x00000000d5580000,0x00000000d6300000)
  from space 2048K, 99% used [0x00000000d6300000,0x00000000d64ffa90,0x00000000d6500000)
  to   space 4096K, 0% used [0x00000000d6700000,0x00000000d6700000,0x00000000d6b00000)
 ParOldGen       total 85504K, used 85253K [0x0000000080000000, 0x0000000085380000, 0x00000000d5580000)
  object space 85504K, 99% used [0x0000000080000000,0x0000000085341510,0x0000000085380000)
 Metaspace       used 67187K, committed 68672K, reserved 1114112K
  class space    used 7036K, committed 7680K, reserved 1048576K
}

Dll operation events (10 events):
Event: 0.018 Loaded shared library c:\Users\DELL\.vscode\extensions\redhat.java-1.53.0-win32-x64\jre\21.0.10-win32-x86_64\bin\java.dll
Event: 0.130 Loaded shared library c:\Users\DELL\.vscode\extensions\redhat.java-1.53.0-win32-x64\jre\21.0.10-win32-x86_64\bin\zip.dll
Event: 0.152 Loaded shared library C:\Users\DELL\.vscode\extensions\redhat.java-1.53.0-win32-x64\jre\21.0.10-win32-x86_64\bin\instrument.dll
Event: 0.165 Loaded shared library C:\Users\DELL\.vscode\extensions\redhat.java-1.53.0-win32-x64\jre\21.0.10-win32-x86_64\bin\net.dll
Event: 0.168 Loaded shared library C:\Users\DELL\.vscode\extensions\redhat.java-1.53.0-win32-x64\jre\21.0.10-win32-x86_64\bin\nio.dll
Event: 0.173 Loaded shared library C:\Users\DELL\.vscode\extensions\redhat.java-1.53.0-win32-x64\jre\21.0.10-win32-x86_64\bin\zip.dll
Event: 0.225 Loaded shared library C:\Users\DELL\.vscode\extensions\redhat.java-1.53.0-win32-x64\jre\21.0.10-win32-x86_64\bin\jimage.dll
Event: 0.326 Loaded shared library c:\Users\DELL\.vscode\extensions\redhat.java-1.53.0-win32-x64\jre\21.0.10-win32-x86_64\bin\verify.dll
Event: 1.850 Loaded shared library C:\Users\DELL\AppData\Roaming\Code\User\globalStorage\redhat.java\1.53.0\config_win\org.eclipse.equinox.launcher\org.eclipse.equinox.launcher.win32.win32.x86_64_1.3.0.v20260203-2149\eclipse_11919.dll
Event: 3.712 Loaded shared library C:\Users\DELL\AppData\Local\Temp\jna-2094529\jna15098701959826680523.dll

Deoptimization events (20 events):
Event: 4046.974 Thread 0x00000152e944f500 Uncommon trap: trap_request=0xffffffd6 fr.pc=0x0000015293051f7c relative=0x000000000000051c
Event: 4046.974 Thread 0x00000152e944f500 Uncommon trap: reason=array_check action=maybe_recompile pc=0x0000015293051f7c method=java.util.TimSort.binarySort([Ljava/lang/Object;IIILjava/util/Comparator;)V @ 193 c2
Event: 4046.974 Thread 0x00000152e944f500 DEOPT PACKING pc=0x0000015293051f7c sp=0x0000004d081fca60
Event: 4046.974 Thread 0x00000152e944f500 DEOPT UNPACKING pc=0x0000015292283aa2 sp=0x0000004d081fc9f8 mode 2
Event: 4046.976 Thread 0x00000152e944f500 Uncommon trap: trap_request=0xffffffd6 fr.pc=0x0000015293051f7c relative=0x000000000000051c
Event: 4046.976 Thread 0x00000152e944f500 Uncommon trap: reason=array_check action=maybe_recompile pc=0x0000015293051f7c method=java.util.TimSort.binarySort([Ljava/lang/Object;IIILjava/util/Comparator;)V @ 193 c2
Event: 4046.976 Thread 0x00000152e944f500 DEOPT PACKING pc=0x0000015293051f7c sp=0x0000004d081fe120
Event: 4046.976 Thread 0x00000152e944f500 DEOPT UNPACKING pc=0x0000015292283aa2 sp=0x0000004d081fe0b8 mode 2
Event: 4046.985 Thread 0x00000152e944f500 Uncommon trap: trap_request=0xffffff45 fr.pc=0x0000015292eb045c relative=0x000000000000055c
Event: 4046.985 Thread 0x00000152e944f500 Uncommon trap: reason=unstable_if action=reinterpret pc=0x0000015292eb045c method=org.eclipse.jdt.internal.compiler.lookup.TypeSystem.getUnannotatedType(Lorg/eclipse/jdt/internal/compiler/lookup/TypeBinding;)Lorg/eclipse/jdt/internal/compiler/lookup/TypeB
Event: 4046.985 Thread 0x00000152e944f500 DEOPT PACKING pc=0x0000015292eb045c sp=0x0000004d081fdf20
Event: 4046.985 Thread 0x00000152e944f500 DEOPT UNPACKING pc=0x0000015292283aa2 sp=0x0000004d081fdea8 mode 2
Event: 4046.988 Thread 0x00000152e944f500 Uncommon trap: trap_request=0xffffff45 fr.pc=0x0000015292f66cf4 relative=0x00000000000002b4
Event: 4046.988 Thread 0x00000152e944f500 Uncommon trap: reason=unstable_if action=reinterpret pc=0x0000015292f66cf4 method=org.eclipse.jdt.internal.core.util.Util.equalArraysOrNull([Ljava/lang/Object;[Ljava/lang/Object;)Z @ 23 c2
Event: 4046.988 Thread 0x00000152e944f500 DEOPT PACKING pc=0x0000015292f66cf4 sp=0x0000004d081fdbd0
Event: 4046.988 Thread 0x00000152e944f500 DEOPT UNPACKING pc=0x0000015292283aa2 sp=0x0000004d081fdaf8 mode 2
Event: 4046.988 Thread 0x00000152e944f500 Uncommon trap: trap_request=0xffffff45 fr.pc=0x0000015292e94df8 relative=0x0000000000000238
Event: 4046.988 Thread 0x00000152e944f500 Uncommon trap: reason=unstable_if action=reinterpret pc=0x0000015292e94df8 method=org.eclipse.jdt.internal.core.util.Util.equalArraysOrNull([Ljava/lang/Object;[Ljava/lang/Object;)Z @ 23 c2
Event: 4046.988 Thread 0x00000152e944f500 DEOPT PACKING pc=0x0000015292e94df8 sp=0x0000004d081fdb60
Event: 4046.988 Thread 0x00000152e944f500 DEOPT UNPACKING pc=0x0000015292283aa2 sp=0x0000004d081fdaf8 mode 2

Classes loaded (20 events):
Event: 2604.475 Loading class java/util/WeakHashMap$KeyIterator
Event: 2604.475 Loading class java/util/WeakHashMap$KeyIterator done
Event: 2604.933 Loading class java/lang/UnsupportedClassVersionError
Event: 2604.933 Loading class java/lang/UnsupportedClassVersionError done
Event: 2605.319 Loading class java/util/stream/ReduceOps$4
Event: 2605.319 Loading class java/util/stream/ReduceOps$4 done
Event: 2605.319 Loading class java/util/stream/ReduceOps$4ReducingSink
Event: 2605.320 Loading class java/util/stream/ReduceOps$4ReducingSink done
Event: 2612.703 Loading class jdk/internal/ref/CleanerImpl$InnocuousThreadFactory
Event: 2612.703 Loading class jdk/internal/ref/CleanerImpl$InnocuousThreadFactory done
Event: 4046.380 Loading class java/nio/file/attribute/PosixFileAttributes
Event: 4046.380 Loading class java/nio/file/attribute/PosixFileAttributes done
Event: 4046.401 Loading class java/nio/file/attribute/PosixFileAttributeView
Event: 4046.401 Loading class java/nio/file/attribute/PosixFileAttributeView done
Event: 4046.455 Loading class java/nio/file/DirectoryIteratorException
Event: 4046.455 Loading class java/nio/file/DirectoryIteratorException done
Event: 4046.909 Loading class java/nio/file/FileTreeIterator
Event: 4046.910 Loading class java/nio/file/FileTreeIterator done
Event: 4046.960 Loading class java/nio/file/Files$2
Event: 4046.960 Loading class java/nio/file/Files$2 done

Classes unloaded (11 events):
Event: 4.133 Thread 0x0000015287bbe9c0 Unloading class 0x00000152a01ab400 'java/lang/invoke/LambdaForm$MH+0x00000152a01ab400'
Event: 4.133 Thread 0x0000015287bbe9c0 Unloading class 0x00000152a01ab000 'java/lang/invoke/LambdaForm$MH+0x00000152a01ab000'
Event: 4.133 Thread 0x0000015287bbe9c0 Unloading class 0x00000152a01aac00 'java/lang/invoke/LambdaForm$MH+0x00000152a01aac00'
Event: 4.133 Thread 0x0000015287bbe9c0 Unloading class 0x00000152a01aa800 'java/lang/invoke/LambdaForm$MH+0x00000152a01aa800'
Event: 4.133 Thread 0x0000015287bbe9c0 Unloading class 0x00000152a01aa400 'java/lang/invoke/LambdaForm$BMH+0x00000152a01aa400'
Event: 4.133 Thread 0x0000015287bbe9c0 Unloading class 0x00000152a01aa000 'java/lang/invoke/LambdaForm$DMH+0x00000152a01aa000'
Event: 4.133 Thread 0x0000015287bbe9c0 Unloading class 0x00000152a01a8c00 'java/lang/invoke/LambdaForm$DMH+0x00000152a01a8c00'
Event: 10.217 Thread 0x0000015287bbe9c0 Unloading class 0x00000152a0625000 'java/lang/invoke/LambdaForm$DMH+0x00000152a0625000'
Event: 10.217 Thread 0x0000015287bbe9c0 Unloading class 0x00000152a0624c00 'java/lang/invoke/LambdaForm$DMH+0x00000152a0624c00'
Event: 10.217 Thread 0x0000015287bbe9c0 Unloading class 0x00000152a0624800 'java/lang/invoke/LambdaForm$DMH+0x00000152a0624800'
Event: 10.217 Thread 0x0000015287bbe9c0 Unloading class 0x00000152a0624400 'java/lang/invoke/LambdaForm$DMH+0x00000152a0624400'

Classes redefined (0 events):
No events

Internal exceptions (20 events):
Event: 2604.553 Thread 0x00000152e944f500 Exception <a 'sun/nio/fs/WindowsException'{0x00000000d622ae78}> (0x00000000d622ae78) 
thrown [s\src\hotspot\share\prims\jni.cpp, line 520]
Event: 2604.553 Thread 0x00000152e944f500 Exception <a 'sun/nio/fs/WindowsException'{0x00000000d622b4a8}> (0x00000000d622b4a8) 
thrown [s\src\hotspot\share\prims\jni.cpp, line 520]
Event: 2604.566 Thread 0x00000152e8286350 Exception <a 'java/lang/IncompatibleClassChangeError'{0x00000000d62d7568}: Found class java.lang.Object, but interface was expected> (0x00000000d62d7568) 
thrown [s\src\hotspot\share\interpreter\linkResolver.cpp, line 840]
Event: 2604.899 Thread 0x00000152e94522f0 Exception <a 'java/lang/NoSuchMethodError'{0x00000000d647f4b0}: 'java.lang.Object java.lang.invoke.DirectMethodHandle$Holder.invokeSpecial(java.lang.Object, java.lang.Object, java.lang.Object, java.lang.Object, int, java.lang.Object, java.lang.Object)'> (0x00000000d647f4b0) 
thrown [s\src\hotspot\share\interpreter\linkResolver.cpp, line 773]
Event: 2604.899 Thread 0x00000152e94515d0 Exception <a 'java/lang/NoSuchMethodError'{0x00000000d6427568}: 'java.lang.Object java.lang.invoke.DirectMethodHandle$Holder.invokeSpecial(java.lang.Object, java.lang.Object, java.lang.Object, java.lang.Object, int, java.lang.Object, java.lang.Object)'> (0x00000000d6427568) 
thrown [s\src\hotspot\share\interpreter\linkResolver.cpp, line 773]
Event: 2604.945 Thread 0x00000152e944dac0 Exception <a 'java/lang/NoSuchMethodError'{0x00000000d590cd78}: 'int java.lang.invoke.Invokers$Holder.invokeExact_MT(java.lang.Object, java.lang.Object)'> (0x00000000d590cd78) 
thrown [s\src\hotspot\share\interpreter\linkResolver.cpp, line 773]
Event: 2604.970 Thread 0x00000152e944dac0 Exception <a 'java/lang/IncompatibleClassChangeError'{0x00000000d5aa7ac0}: Found class java.lang.Object, but interface was expected> (0x00000000d5aa7ac0) 
thrown [s\src\hotspot\share\interpreter\linkResolver.cpp, line 840]
Event: 2605.104 Thread 0x00000152e944dac0 Implicit null exception at 0x0000015292d0e028 to 0x0000015292d0e908
Event: 2605.112 Thread 0x00000152e944dac0 Implicit null exception at 0x0000015292bc73a6 to 0x0000015292bc7974
Event: 2605.112 Thread 0x00000152e944dac0 Implicit null exception at 0x0000015292d22581 to 0x0000015292d22b3c
Event: 2605.322 Thread 0x00000152e944dac0 Exception <a 'java/lang/NoSuchMethodError'{0x00000000d56cea60}: 'int java.lang.invoke.DirectMethodHandle$Holder.invokeSpecialIFC(java.lang.Object, java.lang.Object, java.lang.Object)'> (0x00000000d56cea60) 
thrown [s\src\hotspot\share\interpreter\linkResolver.cpp, line 773]
Event: 2605.560 Thread 0x00000152e944dac0 Exception <a 'java/lang/NoSuchMethodError'{0x00000000d562f5e8}: 'java.lang.Object java.lang.invoke.DirectMethodHandle$Holder.invokeStatic(java.lang.Object, java.lang.Object, int, java.lang.Object, java.lang.Object)'> (0x00000000d562f5e8) 
thrown [s\src\hotspot\share\interpreter\linkResolver.cpp, line 773]
Event: 2605.573 Thread 0x00000152e944dac0 Exception <a 'java/lang/NoSuchMethodError'{0x00000000d5837df8}: 'java.lang.Object java.lang.invoke.DirectMethodHandle$Holder.newInvokeSpecial(java.lang.Object, java.lang.Object, java.lang.Object, java.lang.Object, int)'> (0x00000000d5837df8) 
thrown [s\src\hotspot\share\interpreter\linkResolver.cpp, line 773]
Event: 2605.574 Thread 0x00000152e944dac0 Exception <a 'java/lang/NoSuchMethodError'{0x00000000d583c150}: 'java.lang.Object java.lang.invoke.DirectMethodHandle$Holder.invokeSpecial(java.lang.Object, java.lang.Object, java.lang.Object, java.lang.Object, java.lang.Object, int)'> (0x00000000d583c150) 
thrown [s\src\hotspot\share\interpreter\linkResolver.cpp, line 773]
Event: 2605.574 Thread 0x00000152e944dac0 Exception <a 'java/lang/NoSuchMethodError'{0x00000000d583fe80}: 'java.lang.Object java.lang.invoke.Invokers$Holder.linkToTargetMethod(java.lang.Object, java.lang.Object, java.lang.Object, int, java.lang.Object)'> (0x00000000d583fe80) 
thrown [s\src\hotspot\share\interpreter\linkResolver.cpp, line 773]
Event: 2605.680 Thread 0x00000152e94508b0 Exception <a 'java/io/FileNotFoundException'{0x00000000d58384e0}> (0x00000000d58384e0) 
thrown [s\src\hotspot\share\prims\jni.cpp, line 520]
Event: 2605.681 Thread 0x00000152e94508b0 Exception <a 'java/io/FileNotFoundException'{0x00000000d58395b8}> (0x00000000d58395b8) 
thrown [s\src\hotspot\share\prims\jni.cpp, line 520]
Event: 2605.681 Thread 0x00000152e94508b0 Exception <a 'java/io/FileNotFoundException'{0x00000000d583a318}> (0x00000000d583a318) 
thrown [s\src\hotspot\share\prims\jni.cpp, line 520]
Event: 2612.594 Thread 0x00000152e944dac0 Implicit null exception at 0x0000015292e39ccb to 0x0000015292e39e28
Event: 4046.594 Thread 0x00000152e944f500 Implicit null exception at 0x0000015292f14c87 to 0x0000015292f16e04

ZGC Phase Switch (0 events):
No events

VM Operations (20 events):
Event: 4089.881 Executing non-safepoint VM operation: RendezvousGCThreads
Event: 4089.881 Executing non-safepoint VM operation: RendezvousGCThreads done
Event: 4116.161 Executing safepoint VM operation: Cleanup
Event: 4116.161 Executing safepoint VM operation: Cleanup done
Event: 4118.182 Executing safepoint VM operation: Cleanup
Event: 4118.182 Executing safepoint VM operation: Cleanup done
Event: 4120.208 Executing safepoint VM operation: Cleanup
Event: 4120.208 Executing safepoint VM operation: Cleanup done
Event: 4149.966 Executing non-safepoint VM operation: HandshakeAllThreads (HandshakeForDeflation)
Event: 4149.966 Executing non-safepoint VM operation: HandshakeAllThreads (HandshakeForDeflation) done
Event: 4149.966 Executing non-safepoint VM operation: RendezvousGCThreads
Event: 4149.966 Executing non-safepoint VM operation: RendezvousGCThreads done
Event: 4210.196 Executing non-safepoint VM operation: HandshakeAllThreads (HandshakeForDeflation)
Event: 4210.196 Executing non-safepoint VM operation: HandshakeAllThreads (HandshakeForDeflation) done
Event: 4210.196 Executing non-safepoint VM operation: RendezvousGCThreads
Event: 4210.196 Executing non-safepoint VM operation: RendezvousGCThreads done
Event: 4330.256 Executing non-safepoint VM operation: HandshakeAllThreads (HandshakeForDeflation)
Event: 4330.256 Executing non-safepoint VM operation: HandshakeAllThreads (HandshakeForDeflation) done
Event: 4330.256 Executing non-safepoint VM operation: RendezvousGCThreads
Event: 4330.256 Executing non-safepoint VM operation: RendezvousGCThreads done

Memory protections (0 events):
No events

Nmethod flushes (20 events):
Event: 10.229 Thread 0x0000015287bbe9c0 flushing  nmethod 0x000001528b58f690
Event: 10.229 Thread 0x0000015287bbe9c0 flushing  nmethod 0x000001528b596b10
Event: 10.229 Thread 0x0000015287bbe9c0 flushing  nmethod 0x000001528b59a010
Event: 10.229 Thread 0x0000015287bbe9c0 flushing  nmethod 0x000001528b59af10
Event: 10.229 Thread 0x0000015287bbe9c0 flushing  nmethod 0x000001528b59bc10
Event: 10.229 Thread 0x0000015287bbe9c0 flushing  nmethod 0x000001528b5b1b90
Event: 10.229 Thread 0x0000015287bbe9c0 flushing  nmethod 0x000001528b5b2290
Event: 10.229 Thread 0x0000015287bbe9c0 flushing  nmethod 0x000001528b5b2890
Event: 10.229 Thread 0x0000015287bbe9c0 flushing  nmethod 0x000001528b5b3710
Event: 10.229 Thread 0x0000015287bbe9c0 flushing  nmethod 0x000001528b5b5810
Event: 10.229 Thread 0x0000015287bbe9c0 flushing  nmethod 0x000001528b5e4490
Event: 10.229 Thread 0x0000015287bbe9c0 flushing  nmethod 0x000001528b5f3210
Event: 10.229 Thread 0x0000015287bbe9c0 flushing osr nmethod 0x000001528b60a090
Event: 10.229 Thread 0x0000015287bbe9c0 flushing  nmethod 0x000001528b64c110
Event: 10.229 Thread 0x0000015287bbe9c0 flushing  nmethod 0x000001528b655b90
Event: 10.229 Thread 0x0000015287bbe9c0 flushing  nmethod 0x000001528b657410
Event: 10.229 Thread 0x0000015287bbe9c0 flushing  nmethod 0x000001528b65a210
Event: 10.229 Thread 0x0000015287bbe9c0 flushing  nmethod 0x000001528b65a990
Event: 10.229 Thread 0x0000015287bbe9c0 flushing  nmethod 0x000001528b65ad10
Event: 10.229 Thread 0x0000015287bbe9c0 flushing osr nmethod 0x000001528b66eb10

Events (20 events):
Event: 2615.881 Thread 0x00000152e14d2d40 Thread added: 0x00000152e90c3a20
Event: 2615.964 Thread 0x00000152e14d2d40 Thread added: 0x00000152e90c1140
Event: 2621.390 Thread 0x00000152e90c1140 Thread exited: 0x00000152e90c1140
Event: 2621.420 Thread 0x00000152e90c3a20 Thread exited: 0x00000152e90c3a20
Event: 2676.131 Thread 0x00000152e944ee70 Thread exited: 0x00000152e944ee70
Event: 2736.141 Thread 0x00000152e944dac0 Thread exited: 0x00000152e944dac0
Event: 2796.148 Thread 0x00000152e94515d0 Thread exited: 0x00000152e94515d0
Event: 2856.152 Thread 0x00000152e94522f0 Thread exited: 0x00000152e94522f0
Event: 2916.162 Thread 0x00000152e944e7e0 Thread exited: 0x00000152e944e7e0
Event: 2976.173 Thread 0x00000152e944f500 Thread exited: 0x00000152e944f500
Event: 3036.184 Thread 0x00000152e9451c60 Thread exited: 0x00000152e9451c60
Event: 3096.188 Thread 0x00000152e9450220 Thread exited: 0x00000152e9450220
Event: 4046.319 Thread 0x00000152e8286350 Thread added: 0x00000152e944f500
Event: 4046.329 Thread 0x00000152e944f500 Thread added: 0x00000152e944dac0
Event: 4046.407 Thread 0x00000152e14d2d40 Thread added: 0x00000152e90c3350
Event: 4046.412 Thread 0x00000152e14d2d40 Thread added: 0x00000152e90c3a20
Event: 4050.741 Thread 0x00000152e90c3a20 Thread exited: 0x00000152e90c3a20
Event: 4051.991 Thread 0x00000152e90c3350 Thread exited: 0x00000152e90c3350
Event: 4107.007 Thread 0x00000152e944f500 Thread exited: 0x00000152e944f500
Event: 4167.022 Thread 0x00000152e944dac0 Thread exited: 0x00000152e944dac0


Dynamic libraries:
0x00007ff6ac530000 - 0x00007ff6ac53e000 	c:\Users\DELL\.vscode\extensions\redhat.java-1.53.0-win32-x64\jre\21.0.10-win32-x86_64\bin\java.exe
0x00007ff9af560000 - 0x00007ff9af7c7000 	C:\WINDOWS\SYSTEM32\ntdll.dll
0x00007ff9ae490000 - 0x00007ff9ae559000 	C:\WINDOWS\System32\KERNEL32.DLL
0x00007ff9acba0000 - 0x00007ff9acf91000 	C:\WINDOWS\System32\KERNELBASE.dll
0x00007ff9ac760000 - 0x00007ff9ac8ab000 	C:\WINDOWS\System32\ucrtbase.dll
0x00007ff98a750000 - 0x00007ff98a768000 	c:\Users\DELL\.vscode\extensions\redhat.java-1.53.0-win32-x64\jre\21.0.10-win32-x86_64\bin\jli.dll
0x00007ff9ae830000 - 0x00007ff9ae9f5000 	C:\WINDOWS\System32\USER32.dll
0x00007ff9ad2d0000 - 0x00007ff9ad2f7000 	C:\WINDOWS\System32\win32u.dll
0x00007ff9add80000 - 0x00007ff9addab000 	C:\WINDOWS\System32\GDI32.dll
0x00007ff9ad0e0000 - 0x00007ff9ad20b000 	C:\WINDOWS\System32\gdi32full.dll
0x00007ff9acfa0000 - 0x00007ff9ad043000 	C:\WINDOWS\System32\msvcp_win.dll
0x00007ff987630000 - 0x00007ff98764e000 	c:\Users\DELL\.vscode\extensions\redhat.java-1.53.0-win32-x64\jre\21.0.10-win32-x86_64\bin\VCRUNTIME140.dll
0x00007ff98a9f0000 - 0x00007ff98ac83000 	C:\WINDOWS\WinSxS\amd64_microsoft.windows.common-controls_6595b64144ccf1df_6.0.26100.8037_none_3e092faae333b53b\COMCTL32.dll
0x00007ff9addb0000 - 0x00007ff9ade59000 	C:\WINDOWS\System32\msvcrt.dll
0x00007ff9ade60000 - 0x00007ff9ade91000 	C:\WINDOWS\System32\IMM32.DLL
0x00007ff997990000 - 0x00007ff99799c000 	c:\Users\DELL\.vscode\extensions\redhat.java-1.53.0-win32-x64\jre\21.0.10-win32-x86_64\bin\vcruntime140_1.dll
0x00007ff95c010000 - 0x00007ff95c09d000 	c:\Users\DELL\.vscode\extensions\redhat.java-1.53.0-win32-x64\jre\21.0.10-win32-x86_64\bin\msvcp140.dll
0x00007ff9011e0000 - 0x00007ff901f81000 	c:\Users\DELL\.vscode\extensions\redhat.java-1.53.0-win32-x64\jre\21.0.10-win32-x86_64\bin\server\jvm.dll
0x00007ff9adcc0000 - 0x00007ff9add7b000 	C:\WINDOWS\System32\ADVAPI32.dll
0x00007ff9aec80000 - 0x00007ff9aed27000 	C:\WINDOWS\System32\sechost.dll
0x00007ff9af380000 - 0x00007ff9af498000 	C:\WINDOWS\System32\RPCRT4.dll
0x00007ff9adc40000 - 0x00007ff9adcb4000 	C:\WINDOWS\System32\WS2_32.dll
0x00007ff9abca0000 - 0x00007ff9abcfe000 	C:\WINDOWS\SYSTEM32\POWRPROF.dll
0x00007ff99d570000 - 0x00007ff99d57b000 	C:\WINDOWS\SYSTEM32\VERSION.dll
0x00007ff9a37d0000 - 0x00007ff9a3805000 	C:\WINDOWS\SYSTEM32\WINMM.dll
0x00007ff9abc80000 - 0x00007ff9abc94000 	C:\WINDOWS\SYSTEM32\UMPDC.dll
0x00007ff9aab90000 - 0x00007ff9aabab000 	C:\WINDOWS\SYSTEM32\kernel.appcore.dll
0x00007ff9940a0000 - 0x00007ff9940aa000 	c:\Users\DELL\.vscode\extensions\redhat.java-1.53.0-win32-x64\jre\21.0.10-win32-x86_64\bin\jimage.dll
0x00007ff9a9db0000 - 0x00007ff9a9ff2000 	C:\WINDOWS\SYSTEM32\DBGHELP.DLL
0x00007ff9ae030000 - 0x00007ff9ae3b2000 	C:\WINDOWS\System32\combase.dll
0x00007ff9af1c0000 - 0x00007ff9af297000 	C:\WINDOWS\System32\OLEAUT32.dll
0x00007ff988ba0000 - 0x00007ff988bdb000 	C:\WINDOWS\SYSTEM32\dbgcore.DLL
0x00007ff9ac6b0000 - 0x00007ff9ac755000 	C:\WINDOWS\System32\bcryptPrimitives.dll
0x00007ff991e70000 - 0x00007ff991e7f000 	c:\Users\DELL\.vscode\extensions\redhat.java-1.53.0-win32-x64\jre\21.0.10-win32-x86_64\bin\instrument.dll
0x00007ff983d90000 - 0x00007ff983db0000 	c:\Users\DELL\.vscode\extensions\redhat.java-1.53.0-win32-x64\jre\21.0.10-win32-x86_64\bin\java.dll
0x00007ff9ad4d0000 - 0x00007ff9adc2f000 	C:\WINDOWS\System32\SHELL32.dll
0x00007ff9ac8b0000 - 0x00007ff9aca1a000 	C:\WINDOWS\System32\wintypes.dll
0x00007ff9abe40000 - 0x00007ff9ac6a4000 	C:\WINDOWS\System32\windows.storage.dll
0x00007ff9adea0000 - 0x00007ff9adf97000 	C:\WINDOWS\System32\SHCORE.dll
0x00007ff9ae3c0000 - 0x00007ff9ae427000 	C:\WINDOWS\System32\shlwapi.dll
0x00007ff9abd60000 - 0x00007ff9abd89000 	C:\WINDOWS\SYSTEM32\profapi.dll
0x00007ff9823a0000 - 0x00007ff9823b8000 	c:\Users\DELL\.vscode\extensions\redhat.java-1.53.0-win32-x64\jre\21.0.10-win32-x86_64\bin\zip.dll
0x00007ff98ffc0000 - 0x00007ff98ffd0000 	C:\Users\DELL\.vscode\extensions\redhat.java-1.53.0-win32-x64\jre\21.0.10-win32-x86_64\bin\net.dll
0x00007ff9a3650000 - 0x00007ff9a3777000 	C:\WINDOWS\SYSTEM32\WINHTTP.dll
0x00007ff9ab0e0000 - 0x00007ff9ab14b000 	C:\WINDOWS\system32\mswsock.dll
0x00007ff9818d0000 - 0x00007ff9818e6000 	C:\Users\DELL\.vscode\extensions\redhat.java-1.53.0-win32-x64\jre\21.0.10-win32-x86_64\bin\nio.dll
0x00007ff98ec80000 - 0x00007ff98ec90000 	c:\Users\DELL\.vscode\extensions\redhat.java-1.53.0-win32-x64\jre\21.0.10-win32-x86_64\bin\verify.dll
0x00007ff951ef0000 - 0x00007ff951f35000 	C:\Users\DELL\AppData\Roaming\Code\User\globalStorage\redhat.java\1.53.0\config_win\org.eclipse.equinox.launcher\org.eclipse.equinox.launcher.win32.win32.x86_64_1.3.0.v20260203-2149\eclipse_11919.dll
0x00007ff9ad330000 - 0x00007ff9ad4c5000 	C:\WINDOWS\System32\ole32.dll
0x00007ff9ab4e0000 - 0x00007ff9ab4fb000 	C:\WINDOWS\SYSTEM32\CRYPTSP.dll
0x00007ff9aaaf0000 - 0x00007ff9aab29000 	C:\WINDOWS\system32\rsaenh.dll
0x00007ff9ab190000 - 0x00007ff9ab1c2000 	C:\WINDOWS\SYSTEM32\USERENV.dll
0x00007ff9abd30000 - 0x00007ff9abd5a000 	C:\WINDOWS\SYSTEM32\bcrypt.dll
0x00007ff9ab340000 - 0x00007ff9ab34c000 	C:\WINDOWS\SYSTEM32\CRYPTBASE.dll
0x00007ff9aa5d0000 - 0x00007ff9aa603000 	C:\WINDOWS\SYSTEM32\IPHLPAPI.DLL
0x00007ff9aeb10000 - 0x00007ff9aeb1a000 	C:\WINDOWS\System32\NSI.dll
0x00007ff942ea0000 - 0x00007ff942ee9000 	C:\Users\DELL\AppData\Local\Temp\jna-2094529\jna15098701959826680523.dll
0x00007ff9ae570000 - 0x00007ff9ae578000 	C:\WINDOWS\System32\PSAPI.DLL
0x00007ff9a5c80000 - 0x00007ff9a5c9d000 	C:\WINDOWS\SYSTEM32\dhcpcsvc6.DLL
0x00007ff9a5c50000 - 0x00007ff9a5c73000 	C:\WINDOWS\SYSTEM32\dhcpcsvc.DLL

JVMTI agents:
c:\Users\DELL\.vscode\extensions\redhat.java-1.53.0-win32-x64\lombok\lombok-1.18.39-4050.jar path:c:\Users\DELL\.vscode\extensions\redhat.java-1.53.0-win32-x64\jre\21.0.10-win32-x86_64\bin\instrument.dll, loaded, initialized, instrumentlib options:none

dbghelp: loaded successfully - version: 4.0.5 - missing functions: none
symbol engine: initialized successfully - sym options: 0x614 - pdb path: .;c:\Users\DELL\.vscode\extensions\redhat.java-1.53.0-win32-x64\jre\21.0.10-win32-x86_64\bin;C:\WINDOWS\SYSTEM32;C:\WINDOWS\WinSxS\amd64_microsoft.windows.common-controls_6595b64144ccf1df_6.0.26100.8037_none_3e092faae333b53b;c:\Users\DELL\.vscode\extensions\redhat.java-1.53.0-win32-x64\jre\21.0.10-win32-x86_64\bin\server;C:\Users\DELL\AppData\Roaming\Code\User\globalStorage\redhat.java\1.53.0\config_win\org.eclipse.equinox.launcher\org.eclipse.equinox.launcher.win32.win32.x86_64_1.3.0.v20260203-2149;C:\Users\DELL\AppData\Local\Temp\jna-2094529

VM Arguments:
jvm_args: --add-modules=ALL-SYSTEM --add-opens=java.base/java.util=ALL-UNNAMED --add-opens=java.base/java.lang=ALL-UNNAMED --add-opens=java.base/sun.nio.fs=ALL-UNNAMED -Declipse.application=org.eclipse.jdt.ls.core.id1 -Dosgi.bundles.defaultStartLevel=4 -Declipse.product=org.eclipse.jdt.ls.core.product -Djava.import.generatesMetadataFilesAtProjectRoot=false -DDetectVMInstallationsJob.disabled=true -Dfile.encoding=utf8 -XX:+UseParallelGC -XX:GCTimeRatio=4 -XX:AdaptiveSizePolicyWeight=90 -Dsun.zip.disableMemoryMapping=true -Xmx2G -Xms100m -Xlog:disable -javaagent:c:\Users\DELL\.vscode\extensions\redhat.java-1.53.0-win32-x64\lombok\lombok-1.18.39-4050.jar -XX:+HeapDumpOnOutOfMemoryError -XX:HeapDumpPath=c:\Users\DELL\AppData\Roaming\Code\User\workspaceStorage\1351a2672c3d39485de3801f97a50fb8\redhat.java -Daether.dependencyCollector.impl=bf 
java_command: c:\Users\DELL\.vscode\extensions\redhat.java-1.53.0-win32-x64\server\plugins\org.eclipse.equinox.launcher_1.7.100.v20251111-0406.jar -configuration c:\Users\DELL\AppData\Roaming\Code\User\globalStorage\redhat.java\1.53.0\config_win -data c:\Users\DELL\AppData\Roaming\Code\User\workspaceStorage\1351a2672c3d39485de3801f97a50fb8\redhat.java\jdt_ws --pipe=\\.\pipe\lsp-8cb9ef3bb848c911a38e76f1562aed10-sock
java_class_path (initial): c:\Users\DELL\.vscode\extensions\redhat.java-1.53.0-win32-x64\server\plugins\org.eclipse.equinox.launcher_1.7.100.v20251111-0406.jar
Launcher Type: SUN_STANDARD

[Global flags]
    uintx AdaptiveSizePolicyWeight                 = 90                                        {product} {command line}
     intx CICompilerCount                          = 4                                         {product} {ergonomic}
    uintx GCTimeRatio                              = 4                                         {product} {command line}
     bool HeapDumpOnOutOfMemoryError               = true                                   {manageable} {command line}
    ccstr HeapDumpPath                             = c:\Users\DELL\AppData\Roaming\Code\User\workspaceStorage\1351a2672c3d39485de3801f97a50fb8\redhat.java         {manageable} {command line}
   size_t InitialHeapSize                          = 104857600                                 {product} {command line}
   size_t MaxHeapSize                              = 2147483648                                {product} {command line}
   size_t MaxNewSize                               = 715653120                                 {product} {ergonomic}
   size_t MinHeapDeltaBytes                        = 524288                                    {product} {ergonomic}
   size_t MinHeapSize                              = 104857600                                 {product} {command line}
   size_t NewSize                                  = 34603008                                  {product} {ergonomic}
    uintx NonNMethodCodeHeapSize                   = 5839372                                {pd product} {ergonomic}
    uintx NonProfiledCodeHeapSize                  = 122909434                              {pd product} {ergonomic}
   size_t OldSize                                  = 70254592                                  {product} {ergonomic}
    uintx ProfiledCodeHeapSize                     = 122909434                              {pd product} {ergonomic}
    uintx ReservedCodeCacheSize                    = 251658240                              {pd product} {ergonomic}
     bool SegmentedCodeCache                       = true                                      {product} {ergonomic}
   size_t SoftMaxHeapSize                          = 2147483648                             {manageable} {ergonomic}
     bool UseCompressedOops                        = true                           {product lp64_product} {ergonomic}
     bool UseLargePagesIndividualAllocation        = false                                  {pd product} {ergonomic}
     bool UseParallelGC                            = true                                      {product} {command line}

Logging:
Log output configuration:
 #0: stdout all=off uptime,level,tags foldmultilines=false
 #1: stderr all=off uptime,level,tags foldmultilines=false

Release file:
JAVA_VERSION="21.0.10" 
MODULES="java.base java.compiler java.datatransfer java.xml java.prefs java.desktop java.instrument java.logging java.management java.security.sasl java.naming java.rmi java.management.rmi java.net.http java.scripting java.security.jgss java.transaction.xa java.sql java.sql.rowset java.xml.crypto java.se java.smartcardio jdk.accessibility jdk.internal.jvmstat jdk.attach jdk.charsets jdk.internal.opt jdk.zipfs jdk.compiler jdk.crypto.ec jdk.crypto.cryptoki jdk.crypto.mscapi jdk.dynalink jdk.internal.ed jdk.editpad jdk.hotspot.agent jdk.httpserver jdk.internal.le jdk.internal.vm.ci jdk.internal.vm.compiler jdk.internal.vm.compiler.management jdk.jartool jdk.javadoc jdk.jcmd jdk.management jdk.management.agent jdk.jconsole jdk.jdeps jdk.jdwp.agent jdk.jdi jdk.jfr jdk.jshell jdk.jsobject jdk.jstatd jdk.localedata jdk.management.jfr jdk.naming.dns jdk.naming.rmi jdk.net jdk.nio.mapmode jdk.random jdk.sctp jdk.security.auth jdk.security.jgss jdk.unsupported jdk.unsupported.desktop jdk.xml.dom" 

Environment Variables:
PATH=C:\Users\DELL\AppData\Local\Programs\Microsoft VS Code;C:\Program Files\Common Files\Oracle\Java\javapath;C:\WINDOWS\system32;C:\WINDOWS;C:\WINDOWS\System32\Wbem;C:\WINDOWS\System32\WindowsPowerShell\v1.0\;C:\WINDOWS\System32\OpenSSH\;C:\Program Files (x86)\NVIDIA Corporation\PhysX\Common;C:\Program Files\Git\cmd;C:\ffmpeg-7.1.1-essentials_build\bin;C:\Program Files\CMake\bin;C:\Program Files (x86)\Windows Kits\10\Windows Performance Toolkit\;C:\Program Files\nodejs\;C:\ProgramData\chocolatey\bin;C:\ProgramData\chocolatey\lib\maven\apache-maven-3.9.11\bin;C:\Program Files\dotnet\;C:\Users\DELL\AppData\Local\Programs\Python\Launcher\;C:\Users\DELL\AppData\Local\Microsoft\WindowsApps;C:\Users\DELL\AppData\Local\Programs\Microsoft VS Code\bin;C:\msys64\ucrt64\bin;C:\ffmpeg-7.1.1-essentials_build\bin;C:\Program Files\CMake\bin;C:\Users\DELL\AppData\Local\Packages\PythonSoftwareFoundation.Python.3.11_qbz5n2kfra8p0\LocalCache\local-packages\Python311\Scripts;C:\Program Files\mosquitto\;C:\Program Files\nodejs\;C:\Users\DELL\AppData\Roaming\npm
USERNAME=DELL
OS=Windows_NT
PROCESSOR_IDENTIFIER=Intel64 Family 6 Model 186 Stepping 3, GenuineIntel
TMP=C:\Users\DELL\AppData\Local\Temp
TEMP=C:\Users\DELL\AppData\Local\Temp




Periodic native trim disabled

---------------  S Y S T E M  ---------------

OS:
 Windows 11 , 64 bit Build 26100 (10.0.26100.7920)
OS uptime: 4 days 4:58 hours
Hyper-V role detected

CPU: total 12 (initial active 12) (6 cores per cpu, 2 threads per core) family 6 model 186 stepping 3 microcode 0x4128, cx8, cmov, fxsr, ht, mmx, 3dnowpref, sse, sse2, sse3, ssse3, sse4.1, sse4.2, popcnt, lzcnt, tsc, tscinvbit, avx, avx2, aes, erms, clmul, bmi1, bmi2, adx, sha, fma, vzeroupper, clflush, clflushopt, clwb, hv, serialize, rdtscp, rdpid, fsrm, f16c, cet_ibt, cet_ss
Processor Information for processor 0
  Max Mhz: 1700, Current Mhz: 1700, Mhz Limit: 1700
Processor Information for processor 1
  Max Mhz: 1700, Current Mhz: 1700, Mhz Limit: 1700
Processor Information for processor 2
  Max Mhz: 1700, Current Mhz: 1700, Mhz Limit: 1700
Processor Information for processor 3
  Max Mhz: 1700, Current Mhz: 1700, Mhz Limit: 1700
Processor Information for processor 4
  Max Mhz: 1700, Current Mhz: 1700, Mhz Limit: 1700
Processor Information for processor 5
  Max Mhz: 1700, Current Mhz: 1700, Mhz Limit: 1700
Processor Information for processor 6
  Max Mhz: 1700, Current Mhz: 1558, Mhz Limit: 1700
Processor Information for processor 7
  Max Mhz: 1700, Current Mhz: 1700, Mhz Limit: 1700
Processor Information for processor 8
  Max Mhz: 1700, Current Mhz: 1558, Mhz Limit: 1700
Processor Information for processor 9
  Max Mhz: 1700, Current Mhz: 1558, Mhz Limit: 1700
Processor Information for processor 10
  Max Mhz: 1700, Current Mhz: 1558, Mhz Limit: 1700
Processor Information for processor 11
  Max Mhz: 1700, Current Mhz: 1558, Mhz Limit: 1700

Memory: 4k page, system-wide physical 16068M (1952M free)
TotalPageFile size 23477M (AvailPageFile size 90M)
current process WorkingSet (physical memory assigned to process): 223M, peak: 303M
current process commit charge ("private bytes"): 381M, peak: 417M

vm_info: OpenJDK 64-Bit Server VM (21.0.10+7-LTS) for windows-amd64 JRE (21.0.10+7-LTS), built on 2026-01-20T00:00:00Z by "admin" with MS VC++ 17.12 (VS2022)

END.
